android-location-aware-apps-gads-mn/app/build/intermediates/manifest_merge_blame_file/debug/manifest-merger-blame-debug-report.txt
1<?xml version="1.0" encoding="utf-8"?>
2<manifest xmlns:android="http://schemas.android.com/apk/res/android"
3    package="com.psdemo.outdoorexplorer"
4    android:versionCode="1"
5    android:versionName="1.0" >
6
7    <uses-sdk
8        android:minSdkVersion="21"
8-->src\main\AndroidManifest.xml
9        android:targetSdkVersion="32" />
9-->src\main\AndroidManifest.xml
10
11    <uses-permission android:name="android.permission.INTERNET" />
11-->src\main\AndroidManifest.xml:6:5-67
11-->src\main\AndroidManifest.xml:6:22-64
12    <uses-permission android:name="android.permission.ACCESS_FINE_LOCATION" />
12-->src\main\AndroidManifest.xml:7:5-79
12-->src\main\AndroidManifest.xml:7:22-76
13    <uses-permission android:name="android.permission.ACCESS_COARSE_LOCATION" />
13-->src\main\AndroidManifest.xml:8:5-80
13-->src\main\AndroidManifest.xml:8:22-78
14    <uses-permission android:name="android.permission.ACCESS_BACKGROUND_LOCATION" />
14-->src\main\AndroidManifest.xml:9:5-84
14-->src\main\AndroidManifest.xml:9:22-82
15
16    <!-- Include required permissions for Google Maps API to run. -->
17    <uses-permission android:name="android.permission.ACCESS_NETWORK_STATE" />
17-->[com.google.android.gms:play-services-maps:18.1.0] AndroidManifest.xml:23:5-79
17-->[com.google.android.gms:play-services-maps:18.1.0] AndroidManifest.xml:23:22-76
18
19    <uses-feature
19-->[com.google.android.gms:play-services-maps:18.1.0] AndroidManifest.xml:26:5-28:35
20        android:glEsVersion="0x00020000"
20-->[com.google.android.gms:play-services-maps:18.1.0] AndroidManifest.xml:27:9-41
21        android:required="true" />
21-->[com.google.android.gms:play-services-maps:18.1.0] AndroidManifest.xml:28:9-32
22
23    <queries>
23-->[com.google.android.gms:play-services-maps:18.1.0] AndroidManifest.xml:30:5-34:15
24
25        <!-- Needs to be explicitly declared on Android R+ -->
26        <package android:name="com.google.android.apps.maps" />
26-->[com.google.android.gms:play-services-maps:18.1.0] AndroidManifest.xml:33:9-64
26-->[com.google.android.gms:play-services-maps:18.1.0] AndroidManifest.xml:33:18-61
27    </queries>
28
29    <application
29-->src\main\AndroidManifest.xml:13:5-53:19
30        android:allowBackup="true"
30-->src\main\AndroidManifest.xml:14:9-35
31        android:appComponentFactory="androidx.core.app.CoreComponentFactory"
31-->[androidx.core:core:1.3.0] AndroidManifest.xml:24:18-86
32        android:debuggable="true"
33        android:icon="@mipmap/ic_launcher"
33-->src\main\AndroidManifest.xml:15:9-43
34        android:label="@string/app_name"
34-->src\main\AndroidManifest.xml:16:9-41
35        android:roundIcon="@mipmap/ic_launcher_round"
35-->src\main\AndroidManifest.xml:17:9-54
36        android:supportsRtl="true"
36-->src\main\AndroidManifest.xml:18:9-35
37        android:testOnly="true"
38        android:theme="@style/AppTheme" >
38-->src\main\AndroidManifest.xml:19:9-40
39
40        <!--
41             TODO: Before you run your application, you need a Google Maps API key.
42
43             To get one, follow the directions here:
44
45                https://developers.google.com/maps/documentation/android-sdk/get-api-key
46
47             Once you have your API key (it starts with "AIza"), define a new property in your
48             project's local.properties file (e.g. MAPS_API_KEY=Aiza...), and replace the
49             "YOUR_API_KEY" string in this file with "${MAPS_API_KEY}".
50        -->
51        <meta-data
51-->src\main\AndroidManifest.xml:33:9-35:71
52            android:name="com.google.android.geo.API_KEY"
52-->src\main\AndroidManifest.xml:34:13-58
53            android:value="AIzaSyASqRCNnCk1fQo66gKPiO3JDWycsjQTlyQ" />
53-->src\main\AndroidManifest.xml:35:13-68
54
55        <activity
55-->src\main\AndroidManifest.xml:37:9-40:59
56            android:name="com.psdemo.outdoorexplorer.MapsActivity"
56-->src\main\AndroidManifest.xml:38:13-41
57            android:exported="false"
57-->src\main\AndroidManifest.xml:39:13-37
58            android:label="@string/title_activity_maps" />
58-->src\main\AndroidManifest.xml:40:13-56
59        <activity
59-->src\main\AndroidManifest.xml:41:9-50:20
60            android:name="com.psdemo.outdoorexplorer.MainActivity"
60-->src\main\AndroidManifest.xml:42:13-41
61            android:exported="true"
61-->src\main\AndroidManifest.xml:43:13-36
62            android:label="@string/app_name" >
62-->src\main\AndroidManifest.xml:44:13-45
63            <intent-filter>
63-->src\main\AndroidManifest.xml:45:13-49:29
64                <action android:name="android.intent.action.MAIN" />
64-->src\main\AndroidManifest.xml:46:17-69
64-->src\main\AndroidManifest.xml:46:25-66
65
66                <category android:name="android.intent.category.LAUNCHER" />
66-->src\main\AndroidManifest.xml:48:17-77
66-->src\main\AndroidManifest.xml:48:27-74
67            </intent-filter>
68        </activity>
69
70        <receiver android:name="com.psdemo.outdoorexplorer.ui.activities.GeofenceBroadcastReceiver" />
70-->src\main\AndroidManifest.xml:52:9-76
70-->src\main\AndroidManifest.xml:52:19-74
71
72        <activity
72-->[pub.devrel:easypermissions:3.0.0] AndroidManifest.xml:12:9-16:66
73            android:name="pub.devrel.easypermissions.AppSettingsDialogHolderActivity"
73-->[pub.devrel:easypermissions:3.0.0] AndroidManifest.xml:13:13-86
74            android:exported="false"
74-->[pub.devrel:easypermissions:3.0.0] AndroidManifest.xml:14:13-37
75            android:label=""
75-->[pub.devrel:easypermissions:3.0.0] AndroidManifest.xml:15:13-29
76            android:theme="@style/EasyPermissions.Transparent" /> <!-- Needs to be explicitly declared on P+ -->
76-->[pub.devrel:easypermissions:3.0.0] AndroidManifest.xml:16:13-63
77        <uses-library
77-->[com.google.android.gms:play-services-maps:18.1.0] AndroidManifest.xml:39:9-41:40
78            android:name="org.apache.http.legacy"
78-->[com.google.android.gms:play-services-maps:18.1.0] AndroidManifest.xml:40:13-50
79            android:required="false" />
79-->[com.google.android.gms:play-services-maps:18.1.0] AndroidManifest.xml:41:13-37
80
81        <service
81-->[androidx.room:room-runtime:2.2.5] AndroidManifest.xml:25:9-28:40
82            android:name="androidx.room.MultiInstanceInvalidationService"
82-->[androidx.room:room-runtime:2.2.5] AndroidManifest.xml:26:13-74
83            android:directBootAware="true"
83-->[androidx.room:room-runtime:2.2.5] AndroidManifest.xml:27:13-43
84            android:exported="false" />
84-->[androidx.room:room-runtime:2.2.5] AndroidManifest.xml:28:13-37
85
86        <activity
86-->[com.google.android.gms:play-services-base:18.0.1] AndroidManifest.xml:20:9-22:45
87            android:name="com.google.android.gms.common.api.GoogleApiActivity"
87-->[com.google.android.gms:play-services-base:18.0.1] AndroidManifest.xml:20:19-85
88            android:exported="false"
88-->[com.google.android.gms:play-services-base:18.0.1] AndroidManifest.xml:22:19-43
89            android:theme="@android:style/Theme.Translucent.NoTitleBar" />
89-->[com.google.android.gms:play-services-base:18.0.1] AndroidManifest.xml:21:19-78
90
91        <meta-data
91-->[com.google.android.gms:play-services-basement:18.0.0] AndroidManifest.xml:21:9-23:69
92            android:name="com.google.android.gms.version"
92-->[com.google.android.gms:play-services-basement:18.0.0] AndroidManifest.xml:22:13-58
93            android:value="@integer/google_play_services_version" />
93-->[com.google.android.gms:play-services-basement:18.0.0] AndroidManifest.xml:23:13-66
94
95        <provider
95-->[androidx.lifecycle:lifecycle-process:2.2.0] AndroidManifest.xml:25:9-29:43
96            android:name="androidx.lifecycle.ProcessLifecycleOwnerInitializer"
96-->[androidx.lifecycle:lifecycle-process:2.2.0] AndroidManifest.xml:26:13-79
97            android:authorities="com.psdemo.outdoorexplorer.lifecycle-process"
97-->[androidx.lifecycle:lifecycle-process:2.2.0] AndroidManifest.xml:27:13-69
98            android:exported="false"
98-->[androidx.lifecycle:lifecycle-process:2.2.0] AndroidManifest.xml:28:13-37
99            android:multiprocess="true" />
99-->[androidx.lifecycle:lifecycle-process:2.2.0] AndroidManifest.xml:29:13-40
100    </application>
101
102</manifest>